10:06:31.059 INFO - Selenium build info: version: '3.6.0', revision: '6fbf3ec767'
10:06:31.063 INFO - Launching a standalone Selenium Server
2017-11-22 10:06:31.106:INFO::main: Logging initialized @374ms to org.seleniumhq.jetty9.util.log.StdErrLog
10:06:31.165 INFO - Driver class not found: com.opera.core.systems.OperaDriver
10:06:31.189 INFO - Driver provider class org.openqa.selenium.safari.SafariDriver registration is skipped:
 registration capabilities Capabilities [{browserName=safari, version=, platform=MAC}] does not match the current platform WIN10
10:06:31.228 INFO - Using the passthrough mode handler
2017-11-22 10:06:31.264:INFO:osjs.Server:main: jetty-9.4.5.v20170502
2017-11-22 10:06:31.300:WARN:osjs.SecurityHandler:main: ServletContext@o.s.j.s.ServletContextHandler@d35dea7{/,null,STARTING} has uncovered http methods for path: /
2017-11-22 10:06:31.305:INFO:osjsh.ContextHandler:main: Started o.s.j.s.ServletContextHandler@d35dea7{/,null,AVAILABLE}
2017-11-22 10:06:31.479:INFO:osjs.AbstractConnector:main: Started ServerConnector@5ace1ed4{HTTP/1.1,[http/1.1]}{0.0.0.0:4444}
2017-11-22 10:06:31.480:INFO:osjs.Server:main: Started @748ms
10:06:31.480 INFO - Selenium Server is up and running
2017-11-22 10:06:31.742:INFO:osjshC.ROOT:qtp2142080121-14: org.openqa.selenium.remote.server.WebDriverServlet-59662a0b: Initialising WebDriverServlet
10:06:31.780 INFO - Binding default provider to: org.openqa.selenium.chrome.ChromeDriverService
10:06:31.782 INFO - Found handler: org.openqa.selenium.remote.server.commandhandler.BeginSession@2fbc0993
10:06:31.789 INFO - /session: Executing POST on /session (handler: BeginSession)
10:06:31.853 INFO - Capabilities are: Capabilities {acceptSslCerts=true, elementScrollBehavior=true, name=Pandora Login, browserName=chrome, javascriptEnabled=true, platformName=ANY, platform=ANY, }
10:06:31.854 INFO - Capabilities {acceptSslCerts=true, elementScrollBehavior=true, name=Pandora Login, browserName=chrome, javascriptEnabled=true, platformName=ANY, platform=ANY, } matched class org.openqa.selenium.remote.server.ServicedSession$Factory (provider: org.openqa.selenium.chrome.ChromeDriverService)
10:06:31.854 INFO - Capabilities {acceptSslCerts=true, elementScrollBehavior=true, name=Pandora Login, browserName=chrome, javascriptEnabled=true, platformName=ANY, platform=ANY, } matched class org.openqa.selenium.remote.server.ServicedSession$Factory (provider: org.openqa.selenium.chrome.ChromeDriverService)
Starting ChromeDriver 2.33.506120 (e3e53437346286c0bc2d2dc9aa4915ba81d9023f) on port 5253
Only local connections are allowed.
10:06:34.842 INFO - Found handler: org.openqa.selenium.remote.server.ServicedSession@4c760762
10:06:34.842 INFO - Handler thread for session e1c2d220fa25196fc0ccb943aaffabfe (chrome): Executing POST on /session/e1c2d220fa25196fc0ccb943aaffabfe/url (handler: ServicedSession)
10:06:34.845 INFO - To upstream: {"url":"http://www.pandora.com/account/sign-in"}
10:06:42.012 INFO - To downstream: {"sessionId":"e1c2d220fa25196fc0ccb943aaffabfe","status":0,"value":null}
10:06:42.032 INFO - Found handler: org.openqa.selenium.remote.server.ServicedSession@4c760762
10:06:42.033 INFO - Handler thread for session e1c2d220fa25196fc0ccb943aaffabfe (chrome): Executing POST on /session/e1c2d220fa25196fc0ccb943aaffabfe/elements (handler: ServicedSession)
10:06:42.036 INFO - To upstream: {"using":"xpath","value":"//input[@title='Email']"}
10:06:42.086 INFO - To downstream: {"sessionId":"e1c2d220fa25196fc0ccb943aaffabfe","status":0,"value":[{"ELEMENT":"0.704868971554073-1"}]}
10:06:42.093 INFO - Found handler: org.openqa.selenium.remote.server.ServicedSession@4c760762
10:06:42.093 INFO - Handler thread for session e1c2d220fa25196fc0ccb943aaffabfe (chrome): Executing GET on /session/e1c2d220fa25196fc0ccb943aaffabfe/element/0.704868971554073-1/displayed (handler: ServicedSession)
10:06:42.123 INFO - To downstream: {"sessionId":"e1c2d220fa25196fc0ccb943aaffabfe","status":0,"value":true}
10:06:42.130 INFO - Found handler: org.openqa.selenium.remote.server.ServicedSession@4c760762
10:06:42.131 INFO - Handler thread for session e1c2d220fa25196fc0ccb943aaffabfe (chrome): Executing POST on /session/e1c2d220fa25196fc0ccb943aaffabfe/element (handler: ServicedSession)
10:06:42.133 INFO - To upstream: {"using":"xpath","value":"//input[@title='Email']"}
10:06:42.156 INFO - To downstream: {"sessionId":"e1c2d220fa25196fc0ccb943aaffabfe","status":0,"value":{"ELEMENT":"0.704868971554073-1"}}
10:06:42.160 INFO - Found handler: org.openqa.selenium.remote.server.ServicedSession@4c760762
10:06:42.161 INFO - Handler thread for session e1c2d220fa25196fc0ccb943aaffabfe (chrome): Executing POST on /session/e1c2d220fa25196fc0ccb943aaffabfe/element/0.704868971554073-1/value (handler: ServicedSession)
10:06:42.162 INFO - To upstream: {"value":["l","y","s","s","a","r","e","b","a","@","g","m","a","i","l",".","c","o","m"]}
10:06:42.424 INFO - To downstream: {"sessionId":"e1c2d220fa25196fc0ccb943aaffabfe","status":0,"value":null}
10:06:42.428 INFO - Found handler: org.openqa.selenium.remote.server.ServicedSession@4c760762
10:06:42.428 INFO - Handler thread for session e1c2d220fa25196fc0ccb943aaffabfe (chrome): Executing POST on /session/e1c2d220fa25196fc0ccb943aaffabfe/element (handler: ServicedSession)
10:06:42.430 INFO - To upstream: {"using":"xpath","value":"//input[@title='Password']"}
10:06:42.453 INFO - To downstream: {"sessionId":"e1c2d220fa25196fc0ccb943aaffabfe","status":0,"value":{"ELEMENT":"0.704868971554073-2"}}
10:06:42.457 INFO - Found handler: org.openqa.selenium.remote.server.ServicedSession@4c760762
10:06:42.458 INFO - Handler thread for session e1c2d220fa25196fc0ccb943aaffabfe (chrome): Executing POST on /session/e1c2d220fa25196fc0ccb943aaffabfe/element/0.704868971554073-2/value (handler: ServicedSession)
10:06:42.459 INFO - To upstream: {"value":["a","s","d","f","h","o","l","e","3","4"]}
10:06:42.666 INFO - To downstream: {"sessionId":"e1c2d220fa25196fc0ccb943aaffabfe","status":0,"value":null}
10:06:42.674 INFO - Found handler: org.openqa.selenium.remote.server.ServicedSession@4c760762
10:06:42.674 INFO - Handler thread for session e1c2d220fa25196fc0ccb943aaffabfe (chrome): Executing POST on /session/e1c2d220fa25196fc0ccb943aaffabfe/elements (handler: ServicedSession)
10:06:42.676 INFO - To upstream: {"using":"xpath","value":"//button[@class='Login__form__row__button']"}
10:06:42.698 INFO - To downstream: {"sessionId":"e1c2d220fa25196fc0ccb943aaffabfe","status":0,"value":[{"ELEMENT":"0.704868971554073-3"}]}
10:06:42.702 INFO - Found handler: org.openqa.selenium.remote.server.ServicedSession@4c760762
10:06:42.703 INFO - Handler thread for session e1c2d220fa25196fc0ccb943aaffabfe (chrome): Executing GET on /session/e1c2d220fa25196fc0ccb943aaffabfe/element/0.704868971554073-3/displayed (handler: ServicedSession)
10:06:42.723 INFO - To downstream: {"sessionId":"e1c2d220fa25196fc0ccb943aaffabfe","status":0,"value":true}
10:06:42.727 INFO - Found handler: org.openqa.selenium.remote.server.ServicedSession@4c760762
10:06:42.728 INFO - Handler thread for session e1c2d220fa25196fc0ccb943aaffabfe (chrome): Executing POST on /session/e1c2d220fa25196fc0ccb943aaffabfe/element (handler: ServicedSession)
10:06:42.729 INFO - To upstream: {"using":"xpath","value":"//button[@class='Login__form__row__button']"}
10:06:42.750 INFO - To downstream: {"sessionId":"e1c2d220fa25196fc0ccb943aaffabfe","status":0,"value":{"ELEMENT":"0.704868971554073-3"}}
10:06:42.755 INFO - Found handler: org.openqa.selenium.remote.server.ServicedSession@4c760762
10:06:42.755 INFO - Handler thread for session e1c2d220fa25196fc0ccb943aaffabfe (chrome): Executing POST on /session/e1c2d220fa25196fc0ccb943aaffabfe/element/0.704868971554073-3/click (handler: ServicedSession)
10:06:42.756 INFO - To upstream: 
10:06:42.842 INFO - To downstream: {"sessionId":"e1c2d220fa25196fc0ccb943aaffabfe","status":0,"value":null}
10:06:43.846 INFO - Found handler: org.openqa.selenium.remote.server.ServicedSession@4c760762
10:06:43.846 INFO - Handler thread for session e1c2d220fa25196fc0ccb943aaffabfe (chrome): Executing GET on /session/e1c2d220fa25196fc0ccb943aaffabfe (handler: ServicedSession)
10:06:43.849 INFO - To downstream: {"sessionId":"e1c2d220fa25196fc0ccb943aaffabfe","status":0,"value":{"acceptSslCerts":true,"applicationCacheEnabled":false,"browserConnectionEnabled":false,"browserName":"chrome","chrome":{"chromedriverVersion":"2.33.506120 (e3e53437346286c0bc2d2dc9aa4915ba81d9023f)","userDataDir":"C:\\Users\\awatson\\AppData\\Local\\Temp\\scoped_dir6836_23343"},"cssSelectorsEnabled":true,"databaseEnabled":false,"handlesAlerts":true,"hasTouchScreen":false,"javascriptEnabled":true,"locationContextEnabled":true,"mobileEmulationEnabled":false,"nativeEvents":true,"networkConnectionEnabled":false,"pageLoadStrategy":"normal","platform":"Windows NT","rotatable":false,"setWindowRect":true,"takesHeapSnapshot":true,"takesScreenshot":true,"unexpectedAlertBehaviour":"","version":"61.0.3163.100","webStorageEnabled":true}}
10:06:43.858 INFO - Found handler: org.openqa.selenium.remote.server.ServicedSession@4c760762
10:06:43.859 INFO - Handler thread for session e1c2d220fa25196fc0ccb943aaffabfe (chrome): Executing POST on /session/e1c2d220fa25196fc0ccb943aaffabfe/elements (handler: ServicedSession)
10:06:43.860 INFO - To upstream: {"using":"xpath","value":"//*/button[@class='Avatar Avatar--clickable']"}
10:06:45.546 INFO - To downstream: {"sessionId":"e1c2d220fa25196fc0ccb943aaffabfe","status":0,"value":[{"ELEMENT":"0.704868971554073-4"}]}
10:06:45.554 INFO - Found handler: org.openqa.selenium.remote.server.ServicedSession@4c760762
10:06:45.555 INFO - Handler thread for session e1c2d220fa25196fc0ccb943aaffabfe (chrome): Executing GET on /session/e1c2d220fa25196fc0ccb943aaffabfe/element/0.704868971554073-4/displayed (handler: ServicedSession)
10:06:45.585 INFO - To downstream: {"sessionId":"e1c2d220fa25196fc0ccb943aaffabfe","status":0,"value":true}
10:06:45.590 INFO - Found handler: org.openqa.selenium.remote.server.ServicedSession@4c760762
10:06:45.591 INFO - Handler thread for session e1c2d220fa25196fc0ccb943aaffabfe (chrome): Executing POST on /session/e1c2d220fa25196fc0ccb943aaffabfe/element (handler: ServicedSession)
10:06:45.592 INFO - To upstream: {"using":"xpath","value":"//*/button[@class='Avatar Avatar--clickable']"}
10:06:45.624 INFO - To downstream: {"sessionId":"e1c2d220fa25196fc0ccb943aaffabfe","status":0,"value":{"ELEMENT":"0.704868971554073-4"}}
10:06:45.629 INFO - Found handler: org.openqa.selenium.remote.server.ServicedSession@4c760762
10:06:45.629 INFO - Handler thread for session e1c2d220fa25196fc0ccb943aaffabfe (chrome): Executing POST on /session/e1c2d220fa25196fc0ccb943aaffabfe/element/0.704868971554073-4/click (handler: ServicedSession)
10:06:45.631 INFO - To upstream: 
10:06:45.746 INFO - To downstream: {"sessionId":"e1c2d220fa25196fc0ccb943aaffabfe","status":0,"value":null}
10:06:45.751 INFO - Found handler: org.openqa.selenium.remote.server.ServicedSession@4c760762
10:06:45.752 INFO - Handler thread for session e1c2d220fa25196fc0ccb943aaffabfe (chrome): Executing POST on /session/e1c2d220fa25196fc0ccb943aaffabfe/elements (handler: ServicedSession)
10:06:45.753 INFO - To upstream: {"using":"xpath","value":"//*/a[@href='/profile']"}
10:06:45.788 INFO - To downstream: {"sessionId":"e1c2d220fa25196fc0ccb943aaffabfe","status":0,"value":[{"ELEMENT":"0.704868971554073-5"}]}
10:06:45.791 INFO - Found handler: org.openqa.selenium.remote.server.ServicedSession@4c760762
10:06:45.791 INFO - Handler thread for session e1c2d220fa25196fc0ccb943aaffabfe (chrome): Executing GET on /session/e1c2d220fa25196fc0ccb943aaffabfe/element/0.704868971554073-5/displayed (handler: ServicedSession)
10:06:45.815 INFO - To downstream: {"sessionId":"e1c2d220fa25196fc0ccb943aaffabfe","status":0,"value":true}
10:06:45.819 INFO - Found handler: org.openqa.selenium.remote.server.ServicedSession@4c760762
10:06:45.819 INFO - Handler thread for session e1c2d220fa25196fc0ccb943aaffabfe (chrome): Executing POST on /session/e1c2d220fa25196fc0ccb943aaffabfe/element (handler: ServicedSession)
10:06:45.820 INFO - To upstream: {"using":"xpath","value":"//*/a[@href='/profile']"}
10:06:45.848 INFO - To downstream: {"sessionId":"e1c2d220fa25196fc0ccb943aaffabfe","status":0,"value":{"ELEMENT":"0.704868971554073-5"}}
10:06:45.851 INFO - Found handler: org.openqa.selenium.remote.server.ServicedSession@4c760762
10:06:45.851 INFO - Handler thread for session e1c2d220fa25196fc0ccb943aaffabfe (chrome): Executing POST on /session/e1c2d220fa25196fc0ccb943aaffabfe/element/0.704868971554073-5/click (handler: ServicedSession)
10:06:45.853 INFO - To upstream: 
10:06:46.029 INFO - To downstream: {"sessionId":"e1c2d220fa25196fc0ccb943aaffabfe","status":0,"value":null}
10:06:47.042 INFO - Found handler: org.openqa.selenium.remote.server.ServicedSession@4c760762
10:06:47.043 INFO - Handler thread for session e1c2d220fa25196fc0ccb943aaffabfe (chrome): Executing POST on /session/e1c2d220fa25196fc0ccb943aaffabfe/elements (handler: ServicedSession)
10:06:47.047 INFO - To upstream: {"using":"xpath","value":"//*[@class='UserProfile__Profile']"}
10:06:47.111 INFO - To downstream: {"sessionId":"e1c2d220fa25196fc0ccb943aaffabfe","status":0,"value":[{"ELEMENT":"0.704868971554073-6"}]}
10:06:47.116 INFO - Found handler: org.openqa.selenium.remote.server.ServicedSession@4c760762
10:06:47.116 INFO - Handler thread for session e1c2d220fa25196fc0ccb943aaffabfe (chrome): Executing GET on /session/e1c2d220fa25196fc0ccb943aaffabfe/element/0.704868971554073-6/displayed (handler: ServicedSession)
10:06:47.149 INFO - To downstream: {"sessionId":"e1c2d220fa25196fc0ccb943aaffabfe","status":0,"value":true}
10:06:47.157 INFO - Found handler: org.openqa.selenium.remote.server.ServicedSession@4c760762
10:06:47.158 INFO - Handler thread for session e1c2d220fa25196fc0ccb943aaffabfe (chrome): Executing POST on /session/e1c2d220fa25196fc0ccb943aaffabfe/elements (handler: ServicedSession)
10:06:47.159 INFO - To upstream: {"using":"xpath","value":"//*/span[@data-qa='thumbs_up_link']"}
10:06:47.191 INFO - To downstream: {"sessionId":"e1c2d220fa25196fc0ccb943aaffabfe","status":0,"value":[{"ELEMENT":"0.704868971554073-7"}]}
10:06:47.194 INFO - Found handler: org.openqa.selenium.remote.server.ServicedSession@4c760762
10:06:47.194 INFO - Handler thread for session e1c2d220fa25196fc0ccb943aaffabfe (chrome): Executing GET on /session/e1c2d220fa25196fc0ccb943aaffabfe/element/0.704868971554073-7/displayed (handler: ServicedSession)
10:06:47.216 INFO - To downstream: {"sessionId":"e1c2d220fa25196fc0ccb943aaffabfe","status":0,"value":true}
10:06:47.219 INFO - Found handler: org.openqa.selenium.remote.server.ServicedSession@4c760762
10:06:47.219 INFO - Handler thread for session e1c2d220fa25196fc0ccb943aaffabfe (chrome): Executing POST on /session/e1c2d220fa25196fc0ccb943aaffabfe/element (handler: ServicedSession)
10:06:47.221 INFO - To upstream: {"using":"xpath","value":"//*/span[@data-qa='thumbs_up_link']"}
10:06:47.249 INFO - To downstream: {"sessionId":"e1c2d220fa25196fc0ccb943aaffabfe","status":0,"value":{"ELEMENT":"0.704868971554073-7"}}
10:06:47.253 INFO - Found handler: org.openqa.selenium.remote.server.ServicedSession@4c760762
10:06:47.253 INFO - Handler thread for session e1c2d220fa25196fc0ccb943aaffabfe (chrome): Executing POST on /session/e1c2d220fa25196fc0ccb943aaffabfe/element/0.704868971554073-7/click (handler: ServicedSession)
10:06:47.254 INFO - To upstream: 
10:06:47.315 INFO - To downstream: {"sessionId":"e1c2d220fa25196fc0ccb943aaffabfe","status":0,"value":null}
10:06:47.319 INFO - Found handler: org.openqa.selenium.remote.server.ServicedSession@4c760762
10:06:47.319 INFO - Handler thread for session e1c2d220fa25196fc0ccb943aaffabfe (chrome): Executing POST on /session/e1c2d220fa25196fc0ccb943aaffabfe/element (handler: ServicedSession)
10:06:47.321 INFO - To upstream: {"using":"xpath","value":"//*/span[@data-qa='thumbs_up_link']/span[2]"}
10:06:47.343 INFO - To downstream: {"sessionId":"e1c2d220fa25196fc0ccb943aaffabfe","status":0,"value":{"ELEMENT":"0.704868971554073-8"}}
10:06:47.346 INFO - Found handler: org.openqa.selenium.remote.server.ServicedSession@4c760762
10:06:47.346 INFO - Handler thread for session e1c2d220fa25196fc0ccb943aaffabfe (chrome): Executing GET on /session/e1c2d220fa25196fc0ccb943aaffabfe/element/0.704868971554073-8/text (handler: ServicedSession)
10:06:47.424 INFO - To downstream: {"sessionId":"e1c2d220fa25196fc0ccb943aaffabfe","status":10,"value":{"message":"stale element reference: element is not attached to the page document\n  (Session info: chrome=61.0.3163.100)\n  (Driver info: chromedriver=2.33.506120 (e3e53437346286c0bc2d2dc9aa4915ba81d9023f),platform=Windows NT 10.0.14393 x86_64)"}}
10:06:48.431 INFO - Found handler: org.openqa.selenium.remote.server.ServicedSession@4c760762
10:06:48.432 INFO - Handler thread for session e1c2d220fa25196fc0ccb943aaffabfe (chrome): Executing POST on /session/e1c2d220fa25196fc0ccb943aaffabfe/elements (handler: ServicedSession)
10:06:48.435 INFO - To upstream: {"using":"xpath","value":"//*/div[@class='MediaListItem'][1]"}
10:06:48.489 INFO - To downstream: {"sessionId":"e1c2d220fa25196fc0ccb943aaffabfe","status":0,"value":[{"ELEMENT":"0.704868971554073-9"},{"ELEMENT":"0.704868971554073-10"},{"ELEMENT":"0.704868971554073-11"},{"ELEMENT":"0.704868971554073-12"},{"ELEMENT":"0.704868971554073-13"},{"ELEMENT":"0.704868971554073-14"},{"ELEMENT":"0.704868971554073-15"},{"ELEMENT":"0.704868971554073-16"},{"ELEMENT":"0.704868971554073-17"},{"ELEMENT":"0.704868971554073-18"}]}
10:06:48.496 INFO - Found handler: org.openqa.selenium.remote.server.ServicedSession@4c760762
10:06:48.496 INFO - Handler thread for session e1c2d220fa25196fc0ccb943aaffabfe (chrome): Executing GET on /session/e1c2d220fa25196fc0ccb943aaffabfe/element/0.704868971554073-9/displayed (handler: ServicedSession)
10:06:48.521 INFO - To downstream: {"sessionId":"e1c2d220fa25196fc0ccb943aaffabfe","status":0,"value":true}
10:06:48.524 INFO - Found handler: org.openqa.selenium.remote.server.ServicedSession@4c760762
10:06:48.524 INFO - Handler thread for session e1c2d220fa25196fc0ccb943aaffabfe (chrome): Executing POST on /session/e1c2d220fa25196fc0ccb943aaffabfe/elements (handler: ServicedSession)
10:06:48.526 INFO - To upstream: {"using":"xpath","value":"//*/div[@class='MediaListItem']"}
10:06:48.545 INFO - To downstream: {"sessionId":"e1c2d220fa25196fc0ccb943aaffabfe","status":0,"value":[{"ELEMENT":"0.704868971554073-9"},{"ELEMENT":"0.704868971554073-10"},{"ELEMENT":"0.704868971554073-11"},{"ELEMENT":"0.704868971554073-12"},{"ELEMENT":"0.704868971554073-13"},{"ELEMENT":"0.704868971554073-14"},{"ELEMENT":"0.704868971554073-15"},{"ELEMENT":"0.704868971554073-16"},{"ELEMENT":"0.704868971554073-17"},{"ELEMENT":"0.704868971554073-18"}]}
10:06:48.559 INFO - Found handler: org.openqa.selenium.remote.server.ServicedSession@4c760762
10:06:48.560 INFO - Handler thread for session e1c2d220fa25196fc0ccb943aaffabfe (chrome): Executing DELETE on /session/e1c2d220fa25196fc0ccb943aaffabfe (handler: ServicedSession)
